<?xml version="1.0" encoding="UTF-8"?>
<!-- Generated by org.testng.reporters.JUnitReportReporter -->
<testsuite hostname="LAPTOP-QN6PRJF5" failures="0" tests="5" name="test.Test1" time="8.103" errors="0" timestamp="2023-09-25T12:43:45 IST" skipped="0">
  <testcase classname="test.Test1" name="setdata" time="0.127"/>
  <testcase classname="test.Test1" name="addpet" time="2.687"/>
  <testcase classname="test.Test1" name="getpetbyid" time="1.222"/>
  <testcase classname="test.Test1" name="updatepetbyname" time="1.070"/>
  <testcase classname="test.Test1" name="deletepetbyid" time="2.997"/>
</testsuite> <!-- test.Test1 -->
